/home/code_sensei/.local/lib/python3.10/site-packages/pydantic/_internal/_config.py:373: UserWarning: Valid config keys have changed in V2:
* 'orm_mode' has been renamed to 'from_attributes'
  warnings.warn(message, UserWarning)
INFO:     Started server process [23342]
INFO:     Waiting for application startup.
INFO:     Application startup complete.
ERROR:    [Errno 98] error while attempting to bind on address ('0.0.0.0INFO:app.services.inflection_ai:Starting AI analysis process.
INFO:app.services.inflection_ai:Making first AI call for natural language analysis.
INFO:httpx:HTTP Request: POST https://api.inflection.ai/v1/chat/completions "HTTP/1.1 200 OK"
INFO:app.services.inflection_ai:Received natural language analysis from AI.
INFO:app.services.inflection_ai:Making second AI call for JSON extraction.
INFO:httpx:HTTP Request: POST https://api.inflection.ai/v1/chat/completions "HTTP/1.1 200 OK"
INFO:app.services.inflection_ai:Received JSON extraction from AI.
INFO:app.services.inflection_ai:AI analysis process completed successfully.
INFO:     127.0.0.1:54494 - "POST /api/v1/analysis/ HTTP/1.1" 200 OK
INFO:     127.0.0.1:60016 - "GET /api/v1/reports/1 HTTP/1.1" 200 OK
INFO:app.services.inflection_ai:Starting AI analysis process.
INFO:app.services.inflection_ai:Making first AI call for natural language analysis.
INFO:httpx:HTTP Request: POST https://api.inflection.ai/v1/chat/completions "HTTP/1.1 200 OK"
INFO:app.services.inflection_ai:Received natural language analysis from AI.
INFO:app.services.inflection_ai:Making second AI call for JSON extraction.
INFO:httpx:HTTP Request: POST https://api.inflection.ai/v1/chat/completions "HTTP/1.1 200 OK"
INFO:app.services.inflection_ai:Received JSON extraction from AI.
INFO:app.services.inflection_ai:AI analysis process completed successfully.
INFO:     127.0.0.1:42900 - "POST /api/v1/analysis/ HTTP/1.1" 200 OK
INFO:     127.0.0.1:34058 - "GET /api/v1/reports/2 HTTP/1.1" 200 OK
INFO:app.services.inflection_ai:Starting AI analysis process.
INFO:app.services.inflection_ai:Making first AI call for natural language analysis.
INFO:httpx:HTTP Request: POST https://api.inflection.ai/v1/chat/completions "HTTP/1.1 200 OK"
INFO:app.services.inflection_ai:Received natural language analysis from AI.
INFO:app.services.inflection_ai:Making second AI call for JSON extraction.
INFO:httpx:HTTP Request: POST https://api.inflection.ai/v1/chat/completions "HTTP/1.1 200 OK"
INFO:app.services.inflection_ai:Received JSON extraction from AI.
INFO:app.services.inflection_ai:AI analysis process completed successfully.
INFO:     127.0.0.1:54342 - "POST /api/v1/analysis/ HTTP/1.1" 200 OK
INFO:     127.0.0.1:40200 - "GET /api/v1/reports/3 HTTP/1.1" 200 OK
